<?xml version="1.0" encoding="UTF-8" ?>
<testsuite failures="0" time="0.899" errors="0" skipped="0" tests="1" name="se.natusoft.doc.markdown.generator.HTMLGeneratorTest">
  <properties>
    <property name="java.runtime.name" value="Java(TM) SE Runtime Environment"/>
    <property name="sun.boot.library.path" value="/Library/Java/JavaVirtualMachines/jdk1.7.0_06.jdk/Contents/Home/jre/lib"/>
    <property name="java.vm.version" value="23.2-b09"/>
    <property name="gopherProxySet" value="false"/>
    <property name="java.vm.vendor" value="Oracle Corporation"/>
    <property name="java.vendor.url" value="http://java.oracle.com/"/>
    <property name="path.separator" value=":"/>
    <property name="java.vm.name" value="Java HotSpot(TM) 64-Bit Server VM"/>
    <property name="file.encoding.pkg" value="sun.io"/>
    <property name="user.country" value="SE"/>
    <property name="sun.java.launcher" value="SUN_STANDARD"/>
    <property name="sun.os.patch.level" value="unknown"/>
    <property name="java.vm.specification.name" value="Java Virtual Machine Specification"/>
    <property name="user.dir" value="/Volumes/PROMISE_PEGASUS/Development/projects/Tools/MarkdownDoc/Library"/>
    <property name="java.runtime.version" value="1.7.0_06-b24"/>
    <property name="java.awt.graphicsenv" value="sun.awt.CGraphicsEnvironment"/>
    <property name="basedir" value="/Volumes/PROMISE_PEGASUS/Development/projects/Tools/MarkdownDoc/Library"/>
    <property name="java.endorsed.dirs" value="/Library/Java/JavaVirtualMachines/jdk1.7.0_06.jdk/Contents/Home/jre/lib/endorsed"/>
    <property name="os.arch" value="x86_64"/>
    <property name="surefire.real.class.path" value="/Volumes/PROMISE_PEGASUS/Development/projects/Tools/MarkdownDoc/Library/target/surefire/surefirebooter7466089289935482984.jar"/>
    <property name="java.io.tmpdir" value="/var/folders/j5/mpm21cbn6msbl9d374qj0x1r0000gn/T/"/>
    <property name="line.separator" value="
"/>
    <property name="java.vm.specification.vendor" value="Oracle Corporation"/>
    <property name="os.name" value="Mac OS X"/>
    <property name="sun.jnu.encoding" value="US-ASCII"/>
    <property name="java.library.path" value="/Applications/Idea/IntelliJ IDEA 11.app/Contents/Resources/Java:/System/Library/PrivateFrameworks/JavaApplicationLauncher.framework/Resources:/Users/tommy/Library/Java/Extensions:/Library/Java/Extensions:/Network/Library/Java/Extensions:/System/Library/Java/Extensions:/usr/lib/java:."/>
    <property name="surefire.test.class.path" value="/Volumes/PROMISE_PEGASUS/Development/projects/Tools/MarkdownDoc/Library/target/test-classes:/Volumes/PROMISE_PEGASUS/Development/projects/Tools/MarkdownDoc/Library/target/classes:/Users/tommy/.m2/repository/com/itextpdf/itextpdf/5.3.2/itextpdf-5.3.2.jar:/Users/tommy/.m2/repository/org/codehaus/groovy/groovy-all/2.0.5/groovy-all-2.0.5.jar:/Users/tommy/.m2/repository/se/natusoft/tools/optionsmgr/OptionsManager/2.0/OptionsManager-2.0.jar:/Users/tommy/.m2/repository/se/natusoft/tools/codelicmgr/CodeLicenseManager-annotations-retention-source/2.0/CodeLicenseManager-annotations-retention-source-2.0.jar:/Users/tommy/.m2/repository/junit/junit/4.9/junit-4.9.jar:/Users/tommy/.m2/repository/org/hamcrest/hamcrest-core/1.1/hamcrest-core-1.1.jar:"/>
    <property name="java.specification.name" value="Java Platform API Specification"/>
    <property name="java.class.version" value="51.0"/>
    <property name="sun.management.compiler" value="HotSpot 64-Bit Tiered Compilers"/>
    <property name="os.version" value="10.8.2"/>
    <property name="http.nonProxyHosts" value="local|*.local|169.254/16|*.169.254/16"/>
    <property name="user.home" value="/Users/tommy"/>
    <property name="user.timezone" value=""/>
    <property name="java.awt.printerjob" value="sun.lwawt.macosx.CPrinterJob"/>
    <property name="java.specification.version" value="1.7"/>
    <property name="file.encoding" value="US-ASCII"/>
    <property name="user.name" value="tommy"/>
    <property name="java.class.path" value="/Volumes/PROMISE_PEGASUS/Development/projects/Tools/MarkdownDoc/Library/target/test-classes:/Volumes/PROMISE_PEGASUS/Development/projects/Tools/MarkdownDoc/Library/target/classes:/Users/tommy/.m2/repository/com/itextpdf/itextpdf/5.3.2/itextpdf-5.3.2.jar:/Users/tommy/.m2/repository/org/codehaus/groovy/groovy-all/2.0.5/groovy-all-2.0.5.jar:/Users/tommy/.m2/repository/se/natusoft/tools/optionsmgr/OptionsManager/2.0/OptionsManager-2.0.jar:/Users/tommy/.m2/repository/se/natusoft/tools/codelicmgr/CodeLicenseManager-annotations-retention-source/2.0/CodeLicenseManager-annotations-retention-source-2.0.jar:/Users/tommy/.m2/repository/junit/junit/4.9/junit-4.9.jar:/Users/tommy/.m2/repository/org/hamcrest/hamcrest-core/1.1/hamcrest-core-1.1.jar:"/>
    <property name="java.vm.specification.version" value="1.7"/>
    <property name="sun.arch.data.model" value="64"/>
    <property name="java.home" value="/Library/Java/JavaVirtualMachines/jdk1.7.0_06.jdk/Contents/Home/jre"/>
    <property name="sun.java.command" value="/Volumes/PROMISE_PEGASUS/Development/projects/Tools/MarkdownDoc/Library/target/surefire/surefirebooter7466089289935482984.jar /Volumes/PROMISE_PEGASUS/Development/projects/Tools/MarkdownDoc/Library/target/surefire/surefire7269781957981595177tmp /Volumes/PROMISE_PEGASUS/Development/projects/Tools/MarkdownDoc/Library/target/surefire/surefire5233148629216192277tmp"/>
    <property name="java.specification.vendor" value="Oracle Corporation"/>
    <property name="user.language" value="sv"/>
    <property name="awt.toolkit" value="sun.lwawt.macosx.LWCToolkit"/>
    <property name="java.vm.info" value="mixed mode"/>
    <property name="java.version" value="1.7.0_06"/>
    <property name="java.ext.dirs" value="/Users/tommy/Library/Java/Extensions:/Library/Java/JavaVirtualMachines/jdk1.7.0_06.jdk/Contents/Home/jre/lib/ext:/Library/Java/Extensions:/Network/Library/Java/Extensions:/System/Library/Java/Extensions:/usr/lib/java"/>
    <property name="sun.boot.class.path" value="/Library/Java/JavaVirtualMachines/jdk1.7.0_06.jdk/Contents/Home/jre/lib/resources.jar:/Library/Java/JavaVirtualMachines/jdk1.7.0_06.jdk/Contents/Home/jre/lib/rt.jar:/Library/Java/JavaVirtualMachines/jdk1.7.0_06.jdk/Contents/Home/jre/lib/sunrsasign.jar:/Library/Java/JavaVirtualMachines/jdk1.7.0_06.jdk/Contents/Home/jre/lib/jsse.jar:/Library/Java/JavaVirtualMachines/jdk1.7.0_06.jdk/Contents/Home/jre/lib/jce.jar:/Library/Java/JavaVirtualMachines/jdk1.7.0_06.jdk/Contents/Home/jre/lib/charsets.jar:/Library/Java/JavaVirtualMachines/jdk1.7.0_06.jdk/Contents/Home/jre/lib/jfr.jar:/Library/Java/JavaVirtualMachines/jdk1.7.0_06.jdk/Contents/Home/jre/lib/JObjC.jar:/Library/Java/JavaVirtualMachines/jdk1.7.0_06.jdk/Contents/Home/jre/classes"/>
    <property name="java.vendor" value="Oracle Corporation"/>
    <property name="localRepository" value="/Users/tommy/.m2/repository"/>
    <property name="file.separator" value="/"/>
    <property name="java.vendor.url.bug" value="http://bugreport.sun.com/bugreport/"/>
    <property name="sun.cpu.endian" value="little"/>
    <property name="sun.io.unicode.encoding" value="UnicodeBig"/>
    <property name="socksNonProxyHosts" value="local|*.local|169.254/16|*.169.254/16"/>
    <property name="ftp.nonProxyHosts" value="local|*.local|169.254/16|*.169.254/16"/>
    <property name="sun.cpu.isalist" value=""/>
  </properties>
  <testcase time="0.651" classname="se.natusoft.doc.markdown.generator.HTMLGeneratorTest" name="testParser"/>
</testsuite>